<?xml version="1.0" encoding="UTF-8"?>
<!-- Generated by org.testng.reporters.JUnitReportReporter -->
<testsuite hostname="LAPTOP-0DP8VS40" failures="0" tests="1" name="TestCases.ListenerUsage" time="0.015" errors="0" timestamp="2022-08-02T18:09:27 IST" skipped="0">
  <testcase classname="TestCases.ListenerUsage" name="test" time="0.015"/>
  <system-out/>
</testsuite> <!-- TestCases.ListenerUsage -->
