<?xml version="1.0" encoding="UTF-8"?>
<!-- Generated by org.testng.reporters.JUnitReportReporter -->
<testsuite hostname="LAPTOP-0DP8VS40" failures="0" tests="2" name="TestCases.TestngAnnotations" time="0.272" errors="0" timestamp="2022-07-30T15:07:58 IST" skipped="0">
  <testcase classname="TestCases.TestngAnnotations" name="anotations1" time="0.107"/>
  <system-out/>
  <testcase classname="TestCases.TestngAnnotations" name="anotations" time="0.165"/>
  <system-out/>
</testsuite> <!-- TestCases.TestngAnnotations -->
