<?xml version="1.0" encoding="UTF-8"?>
<!-- Generated by org.testng.reporters.JUnitReportReporter -->
<testsuite hostname="LAPTOP-0DP8VS40" failures="0" tests="3" name="TestCases.SetPriority" time="0.018" errors="0" timestamp="2022-08-02T17:18:49 IST" skipped="1">
  <testcase classname="TestCases.SetPriority" name="test1" time="0.016"/>
  <system-out/>
  <testcase classname="TestCases.SetPriority" name="test3" time="0.002"/>
  <system-out/>
  <testcase classname="TestCases.SetPriority" name="test2">
    <skipped/>
  </testcase> <!-- test2 -->
  <system-out/>
</testsuite> <!-- TestCases.SetPriority -->
